<?xml version="1.0" encoding="UTF-8"?>
<!-- Generated by org.testng.reporters.JUnitXMLReporter -->
<testsuite ignored="6" hostname="LAPTOP-QA1CU9CH" failures="0" tests="2" name="GroupsTest" time="0.111" errors="0" timestamp="2025-03-29T13:09:19 IST">
  <testcase classname="groupingTestCases.PaymentTest" name="paymentInDollars" time="0.018"/>
  <testcase classname="groupingTestCases.PaymentTest" name="paymentInRupees" time="0.002"/>
  <testcase classname="groupingTestCases.SignUpTest" name="signUpByGoogle" time="0.0">
    <ignored/>
  </testcase> <!-- signUpByGoogle -->
  <testcase classname="groupingTestCases.loginTest" name="loginUpByID" time="0.0">
    <ignored/>
  </testcase> <!-- loginUpByID -->
  <testcase classname="groupingTestCases.loginTest" name="loginByFacebook" time="0.0">
    <ignored/>
  </testcase> <!-- loginByFacebook -->
  <testcase classname="groupingTestCases.loginTest" name="loginByGoogle" time="0.0">
    <ignored/>
  </testcase> <!-- loginByGoogle -->
  <testcase classname="groupingTestCases.SignUpTest" name="signUpByID" time="0.0">
    <ignored/>
  </testcase> <!-- signUpByID -->
  <testcase classname="groupingTestCases.SignUpTest" name="signUpByFacebook" time="0.0">
    <ignored/>
  </testcase> <!-- signUpByFacebook -->
</testsuite> <!-- GroupsTest -->
