<?xml version="1.0" encoding="UTF-8"?>
<testng-results ignored="0" total="3" passed="3" failed="0" skipped="0">
  <reporter-output>
  </reporter-output>
  <suite started-at="2025-03-30T14:00:03 IST" name="Suite" finished-at="2025-03-30T14:00:32 IST" duration-ms="29869">
    <groups>
    </groups>
    <test started-at="2025-03-30T14:00:03 IST" name="parallelTest1" finished-at="2025-03-30T14:00:30 IST" duration-ms="27227">
      <class name="com.seleniumGrid.parallelTest">
        <test-method signature="testParallelEcecution(java.lang.String)[pri:0, instance:com.seleniumGrid.parallelTest@22ff4249]" started-at="2025-03-30T14:00:03 IST" name="testParallelEcecution" finished-at="2025-03-30T14:00:30 IST" duration-ms="27160" status="PASS">
          <params>
            <param index="0">
              <value>
                <![CDATA[chrome]]>
              </value>
            </param>
          </params>
          <reporter-output>
          </reporter-output>
        </test-method> <!-- testParallelEcecution -->
      </class> <!-- com.seleniumGrid.parallelTest -->
    </test> <!-- parallelTest1 -->
    <test started-at="2025-03-30T14:00:03 IST" name="parallelTest2" finished-at="2025-03-30T14:00:32 IST" duration-ms="29115">
      <class name="com.seleniumGrid.parallelTest">
        <test-method signature="testParallelEcecution(java.lang.String)[pri:0, instance:com.seleniumGrid.parallelTest@ae13544]" started-at="2025-03-30T14:00:03 IST" name="testParallelEcecution" finished-at="2025-03-30T14:00:32 IST" duration-ms="29055" status="PASS">
          <params>
            <param index="0">
              <value>
                <![CDATA[edge]]>
              </value>
            </param>
          </params>
          <reporter-output>
          </reporter-output>
        </test-method> <!-- testParallelEcecution -->
      </class> <!-- com.seleniumGrid.parallelTest -->
    </test> <!-- parallelTest2 -->
    <test started-at="2025-03-30T14:00:03 IST" name="parallelTest3" finished-at="2025-03-30T14:00:32 IST" duration-ms="29869">
      <class name="com.seleniumGrid.parallelTest">
        <test-method signature="testParallelEcecution(java.lang.String)[pri:0, instance:com.seleniumGrid.parallelTest@7dc0f706]" started-at="2025-03-30T14:00:03 IST" name="testParallelEcecution" finished-at="2025-03-30T14:00:32 IST" duration-ms="29810" status="PASS">
          <params>
            <param index="0">
              <value>
                <![CDATA[firefox]]>
              </value>
            </param>
          </params>
          <reporter-output>
          </reporter-output>
        </test-method> <!-- testParallelEcecution -->
      </class> <!-- com.seleniumGrid.parallelTest -->
    </test> <!-- parallelTest3 -->
  </suite> <!-- Suite -->
</testng-results>
